<?xml version="1.0" encoding="UTF-8"?>
<!-- Generated by org.testng.reporters.JUnitReportReporter -->
<testsuite hostname="DESKTOP-8E1JSKF" failures="0" tests="1" name="com.Test.BrowseropenTest" time="35.788" errors="0" timestamp="2022-04-08T13:44:51 IST" skipped="0">
  <testcase classname="com.Test.BrowseropenTest" name="openingbrowser" time="35.788"/>
  <system-out/>
</testsuite> <!-- com.Test.BrowseropenTest -->
