<?xml version="1.0" encoding="UTF-8"?>
<!-- Generated by org.testng.reporters.JUnitReportReporter -->
<testsuite hostname="DESKTOP-8E1JSKF" failures="0" tests="1" name="Academy.BrowseropenTest" time="31.477" errors="0" timestamp="2022-04-07T14:54:33 IST" skipped="0">
  <testcase classname="Academy.BrowseropenTest" name="openingbrowser" time="31.477"/>
  <system-out/>
</testsuite> <!-- Academy.BrowseropenTest -->
