<?xml version="1.0" encoding="UTF-8"?>
<!-- Generated by org.testng.reporters.JUnitReportReporter -->
<testsuite hostname="DESKTOP-8E1JSKF" failures="0" tests="1" name="com.Test.LoginTestCases" time="155.311" errors="0" timestamp="2022-04-27T17:16:10 IST" skipped="0">
  <testcase classname="com.Test.LoginTestCases" name="MinesGameBet" time="155.311"/>
  <system-out/>
</testsuite> <!-- com.Test.LoginTestCases -->
