<?xml version="1.0" encoding="UTF-8"?>
<!-- Generated by org.testng.reporters.JUnitReportReporter -->
<testsuite hostname="DESKTOP-8E1JSKF" failures="0" tests="12" name="com.Test.DiceGameTestcases" time="1014.304" errors="0" timestamp="2022-06-01T11:55:16 IST" skipped="0">
  <testcase classname="com.Test.DiceGameTestcases" name="DiceGameBetFullFlowchecking" time="87.302"/>
  <system-out/>
  <testcase classname="com.Test.DiceGameTestcases" name="HalfAmount" time="74.000"/>
  <system-out/>
  <testcase classname="com.Test.DiceGameTestcases" name="DiceGameDoubleBetAmount" time="73.538"/>
  <system-out/>
  <testcase classname="com.Test.DiceGameTestcases" name="DicegameMaxErrorMessageChecking" time="70.338"/>
  <system-out/>
  <testcase classname="com.Test.DiceGameTestcases" name="DiceGameSetting" time="70.111"/>
  <system-out/>
  <testcase classname="com.Test.DiceGameTestcases" name="DiceGameRules" time="81.078"/>
  <system-out/>
  <testcase classname="com.Test.DiceGameTestcases" name="DiceGameLiveStatsButton" time="124.115"/>
  <system-out/>
  <testcase classname="com.Test.DiceGameTestcases" name="DiceGameFairNessbutton" time="102.404"/>
  <system-out/>
  <testcase classname="com.Test.DiceGameTestcases" name="DiceGameAutoButtonTab" time="77.177"/>
  <system-out/>
  <testcase classname="com.Test.DiceGameTestcases" name="DiceGameAutoHalfAmount" time="81.612"/>
  <system-out/>
  <testcase classname="com.Test.DiceGameTestcases" name="DiceGameAutoDoubleAmount" time="89.284"/>
  <system-out/>
  <testcase classname="com.Test.DiceGameTestcases" name="DiceGameAutoNumberOfBetsThree" time="83.345"/>
  <system-out/>
</testsuite> <!-- com.Test.DiceGameTestcases -->
