<?xml version="1.0" encoding="UTF-8"?>
<!-- Generated by org.testng.reporters.JUnitReportReporter -->
<testsuite hostname="DESKTOP-8E1JSKF" failures="0" tests="6" name="com.Test.DashBoardpageTestCases" time="438.013" errors="0" timestamp="2022-06-01T11:55:16 IST" skipped="0">
  <testcase classname="com.Test.DashBoardpageTestCases" name="ValidateFlushOriginalsSection" time="68.242"/>
  <system-out/>
  <testcase classname="com.Test.DashBoardpageTestCases" name="ValidateLiveCasinoSection" time="74.768"/>
  <system-out/>
  <testcase classname="com.Test.DashBoardpageTestCases" name="ValidateSlotsSection" time="68.705"/>
  <system-out/>
  <testcase classname="com.Test.DashBoardpageTestCases" name="ValidateAllGameLinks" time="96.325"/>
  <system-out/>
  <testcase classname="com.Test.DashBoardpageTestCases" name="ChatboxIcon" time="64.355"/>
  <system-out/>
  <testcase classname="com.Test.DashBoardpageTestCases" name="changeLanguage" time="65.618"/>
  <system-out/>
</testsuite> <!-- com.Test.DashBoardpageTestCases -->
