<?xml version="1.0" encoding="UTF-8"?>
<!-- Generated by org.testng.reporters.JUnitReportReporter -->
<testsuite hostname="DESKTOP-8E1JSKF" failures="0" tests="35" name="Academy.HomepageTest" time="43.411" errors="0" timestamp="2022-04-08T13:34:06 IST" skipped="34">
  <testcase classname="Academy.HomepageTest" name="LoginAsValidUser" time="43.411"/>
  <system-out/>
  <testcase classname="Academy.HomepageTest" name="TransactionPageTabsChecking">
    <skipped/>
  </testcase> <!-- TransactionPageTabsChecking -->
  <system-out/>
  <testcase classname="Academy.HomepageTest" name="CrashgameLogin">
    <skipped/>
  </testcase> <!-- CrashgameLogin -->
  <system-out/>
  <testcase classname="Academy.HomepageTest" name="Passwordnotmatch">
    <skipped/>
  </testcase> <!-- Passwordnotmatch -->
  <system-out/>
  <testcase classname="Academy.HomepageTest" name="walletbalacelist">
    <skipped/>
  </testcase> <!-- walletbalacelist -->
  <system-out/>
  <testcase classname="Academy.HomepageTest" name="Oldpasswordinvalid">
    <skipped/>
  </testcase> <!-- Oldpasswordinvalid -->
  <system-out/>
  <testcase classname="Academy.HomepageTest" name="Dicegame">
    <skipped/>
  </testcase> <!-- Dicegame -->
  <system-out/>
  <testcase classname="Academy.HomepageTest" name="LoginWelcomeregistration">
    <skipped/>
  </testcase> <!-- LoginWelcomeregistration -->
  <system-out/>
  <testcase classname="Academy.HomepageTest" name="Settings">
    <skipped/>
  </testcase> <!-- Settings -->
  <system-out/>
  <testcase classname="Academy.HomepageTest" name="SignupLogin">
    <skipped/>
  </testcase> <!-- SignupLogin -->
  <system-out/>
  <testcase classname="Academy.HomepageTest" name="Changepassword">
    <skipped/>
  </testcase> <!-- Changepassword -->
  <system-out/>
  <testcase classname="Academy.HomepageTest" name="Wheelgamelogin">
    <skipped/>
  </testcase> <!-- Wheelgamelogin -->
  <system-out/>
  <testcase classname="Academy.HomepageTest" name="JoinEmailGoogleLogin">
    <skipped/>
  </testcase> <!-- JoinEmailGoogleLogin -->
  <system-out/>
  <testcase classname="Academy.HomepageTest" name="LoginWelcomeForgot">
    <skipped/>
  </testcase> <!-- LoginWelcomeForgot -->
  <system-out/>
  <testcase classname="Academy.HomepageTest" name="Passwordcancel">
    <skipped/>
  </testcase> <!-- Passwordcancel -->
  <system-out/>
  <testcase classname="Academy.HomepageTest" name="RecoveryPasswordBackToLogin">
    <skipped/>
  </testcase> <!-- RecoveryPasswordBackToLogin -->
  <system-out/>
  <testcase classname="Academy.HomepageTest" name="Minesgamelogin">
    <skipped/>
  </testcase> <!-- Minesgamelogin -->
  <system-out/>
  <testcase classname="Academy.HomepageTest" name="JoinWithYourEmail">
    <skipped/>
  </testcase> <!-- JoinWithYourEmail -->
  <system-out/>
  <testcase classname="Academy.HomepageTest" name="Transaction">
    <skipped/>
  </testcase> <!-- Transaction -->
  <system-out/>
  <testcase classname="Academy.HomepageTest" name="Minesgame">
    <skipped/>
  </testcase> <!-- Minesgame -->
  <system-out/>
  <testcase classname="Academy.HomepageTest" name="adminpanel">
    <skipped/>
  </testcase> <!-- adminpanel -->
  <system-out/>
  <testcase classname="Academy.HomepageTest" name="statistics">
    <skipped/>
  </testcase> <!-- statistics -->
  <system-out/>
  <testcase classname="Academy.HomepageTest" name="JoinEmailLogin">
    <skipped/>
  </testcase> <!-- JoinEmailLogin -->
  <system-out/>
  <testcase classname="Academy.HomepageTest" name="VIP">
    <skipped/>
  </testcase> <!-- VIP -->
  <system-out/>
  <testcase classname="Academy.HomepageTest" name="Statisticspagechecking">
    <skipped/>
  </testcase> <!-- Statisticspagechecking -->
  <system-out/>
  <testcase classname="Academy.HomepageTest" name="LoginWelcomeGoogle">
    <skipped/>
  </testcase> <!-- LoginWelcomeGoogle -->
  <system-out/>
  <testcase classname="Academy.HomepageTest" name="InvalidUser">
    <skipped/>
  </testcase> <!-- InvalidUser -->
  <system-out/>
  <testcase classname="Academy.HomepageTest" name="Dicegamelogin">
    <skipped/>
  </testcase> <!-- Dicegamelogin -->
  <system-out/>
  <testcase classname="Academy.HomepageTest" name="Google">
    <skipped/>
  </testcase> <!-- Google -->
  <system-out/>
  <testcase classname="Academy.HomepageTest" name="Wheelgame">
    <skipped/>
  </testcase> <!-- Wheelgame -->
  <system-out/>
  <testcase classname="Academy.HomepageTest" name="signup">
    <skipped/>
  </testcase> <!-- signup -->
  <system-out/>
  <testcase classname="Academy.HomepageTest" name="UserLogout">
    <skipped/>
  </testcase> <!-- UserLogout -->
  <system-out/>
  <testcase classname="Academy.HomepageTest" name="Cashier">
    <skipped/>
  </testcase> <!-- Cashier -->
  <system-out/>
  <testcase classname="Academy.HomepageTest" name="Crashgame">
    <skipped/>
  </testcase> <!-- Crashgame -->
  <system-out/>
  <testcase classname="Academy.HomepageTest" name="changingusername">
    <skipped/>
  </testcase> <!-- changingusername -->
  <system-out/>
</testsuite> <!-- Academy.HomepageTest -->
